[0.143s] Invoking command in '/ros2_workspace/src_/build/servo_controller': CMAKE_PREFIX_PATH=/opt/ros/humble /usr/bin/cmake --build /ros2_workspace/src_/build/servo_controller -- -j12 -l12
[0.787s] [35m[1mConsolidate compiler generated dependencies of target servoTest[0m
[0.988s] [ 14%] [32mBuilding CXX object CMakeFiles/servoTest.dir/src/Servomotor.cpp.o[0m
[4.447s] [01m[K/ros2_workspace/src_/servo_controller/src/Servomotor.cpp:[m[K In constructor â€˜[01m[KServomotor::Servomotor(std::shared_ptr<AbstractPwmController>, uint8_t, uint32_t, uint32_t, uint16_t, uint32_t)[m[Kâ€™:
[4.448s] [01m[K/ros2_workspace/src_/servo_controller/src/Servomotor.cpp:20:33:[m[K [01;31m[Kerror: [m[Kno matching function for call to â€˜[01m[KAbstractPwmController::enablePwmPin(uint8_t&)[m[Kâ€™
[4.449s]    20 |     [01;31m[KpwmController_->enablePwmPin(servoPin)[m[K;
[4.450s]       |     [01;31m[K~~~~~~~~~~~~~~~~~~~~~~~~~~~~^~~~~~~~~~[m[K
[4.451s] In file included from [01m[K/ros2_workspace/src_/servo_controller/include/servo_controller/Servomotor.hpp:5[m[K,
[4.452s]                  from [01m[K/ros2_workspace/src_/servo_controller/src/Servomotor.cpp:1[m[K:
[4.453s] [01m[K/ros2_workspace/src_/servo_controller/include/servo_controller/AbstractPwmController.hpp:60:22:[m[K [01;36m[Knote: [m[Kcandidate: â€˜[01m[Kvirtual void AbstractPwmController::enablePwmPin(uint8_t, bool)[m[Kâ€™
[4.456s]    60 |         virtual void [01;36m[KenablePwmPin[m[K(uint8_t pin, bool pwmOn)=0;
[4.457s]       |                      [01;36m[K^~~~~~~~~~~~[m[K
[4.458s] [01m[K/ros2_workspace/src_/servo_controller/include/servo_controller/AbstractPwmController.hpp:60:22:[m[K [01;36m[Knote: [m[K  candidate expects 2 arguments, 1 provided
[5.102s] gmake[2]: *** [CMakeFiles/servoTest.dir/build.make:118: CMakeFiles/servoTest.dir/src/Servomotor.cpp.o] Error 1
[5.107s] gmake[1]: *** [CMakeFiles/Makefile2:137: CMakeFiles/servoTest.dir/all] Error 2
[5.112s] gmake: *** [Makefile:146: all] Error 2
[5.129s] Invoked command in '/ros2_workspace/src_/build/servo_controller' returned '2': CMAKE_PREFIX_PATH=/opt/ros/humble /usr/bin/cmake --build /ros2_workspace/src_/build/servo_controller -- -j12 -l12
